000 (261059.000.000) 2024-11-27 12:11:39 Job submitted from host: <128.104.100.148:9618?addrs=128.104.100.148-9618+[2607-f388-107c-501-216-3eff-feb2-bc11]-9618&alias=learn.chtc.wisc.edu&noUDP&sock=schedd_1351356_64bc>
...
040 (261059.000.000) 2024-11-27 12:46:41 Started transferring input files
	Transferring to host: <128.105.69.89:9618?addrs=128.105.69.89-9618+[2607-f388-2200-100-1270-fdff-fe56-41cc]-9618&alias=build4000.chtc.wisc.edu&noUDP&sock=interactive3_2_4039898_5b72_64265>
...
040 (261059.000.000) 2024-11-27 12:47:55 Finished transferring input files
...
001 (261059.000.000) 2024-11-27 12:47:56 Job executing on host: <128.105.69.89:9618?addrs=128.105.69.89-9618+[2607-f388-2200-100-1270-fdff-fe56-41cc]-9618&alias=build4000.chtc.wisc.edu&noUDP&sock=startd_14729_7286>
	SlotName: interactive3_2@build4000.chtc.wisc.edu
	CondorScratchDir = "/var/lib/condor/execute/slot3/dir_3767837"
	Cpus = 1
	Disk = 1049729
	GPUs = 0
	IoHeavy = 0
	Memory = 1024
...
006 (261059.000.000) 2024-11-27 12:48:04 Image size of job updated: 4440
	5  -  MemoryUsage of job (MB)
	4440  -  ResidentSetSize of job (KB)
...
021 (261059.000.000) 2024-11-27 12:48:04 Error from starter on interactive3_2@build4000.chtc.wisc.edu:
	disk usage exceeded request_disk
	Code 21 Subcode 103
...
004 (261059.000.000) 2024-11-27 12:48:04 Job was evicted.
	(0) CPU times
		Usr 0 00:00:00, Sys 0 00:00:00  -  Run Remote Usage
		Usr 0 00:00:00, Sys 0 00:00:00  -  Run Local Usage
	0  -  Run Bytes Sent By Job
	687485760  -  Run Bytes Received By Job
	Error from interactive3_2@build4000.chtc.wisc.edu: disk usage exceeded request_disk
	Partitionable Resources :    Usage  Request Allocated 
	   Cpus                 :        0        1         1 
	   Disk (KB)            :  1447528  1048576   1049729 
	   GPUs                 :                           0 
	   IoHeavy              :                           0 
	   Memory (MB)          :        5     1024      1024 
	   TimeSlotBusy (s)     :       83                    
...
012 (261059.000.000) 2024-11-27 12:48:04 Job was held.
	Error from interactive3_2@build4000.chtc.wisc.edu: disk usage exceeded request_disk
	Code 21 Subcode 103
...
009 (261059.000.000) 2024-11-30 07:35:27 Job was aborted.
	via condor_rm (by user smahdi)
...
